<html>
<head>
<title>TestNG:  testing</title>
<link href="../testng.css" rel="stylesheet" type="text/css" />
<link href="../my-testng.css" rel="stylesheet" type="text/css" />

<style type="text/css">
.log { display: none;} 
.stack-trace { display: none;} 
</style>
<script type="text/javascript">
<!--
function flip(e) {
  current = e.style.display;
  if (current == 'block') {
    e.style.display = 'none';
    return 0;
  }
  else {
    e.style.display = 'block';
    return 1;
  }
}

function toggleBox(szDivId, elem, msg1, msg2)
{
  var res = -1;  if (document.getElementById) {
    res = flip(document.getElementById(szDivId));
  }
  else if (document.all) {
    // this is the way old msie versions work
    res = flip(document.all[szDivId]);
  }
  if(elem) {
    if(res == 0) elem.innerHTML = msg1; else elem.innerHTML = msg2;
  }

}

function toggleAllBoxes() {
  if (document.getElementsByTagName) {
    d = document.getElementsByTagName('div');
    for (i = 0; i < d.length; i++) {
      if (d[i].className == 'log') {
        flip(d[i]);
      }
    }
  }
}

// -->
</script>

</head>
<body>
<h2 align='center'>testing</h2><table border='1' align="center">
<tr>
<td>Tests passed/Failed/Skipped:</td><td>37/15/0</td>
</tr><tr>
<td>Started on:</td><td>Mon Dec 23 15:58:55 MSK 2019</td>
</tr>
<tr><td>Total time:</td><td>0 seconds (84 ms)</td>
</tr><tr>
<td>Included groups:</td><td></td>
</tr><tr>
<td>Excluded groups:</td><td></td>
</tr>
</table><p/>
<small><i>(Hover the method name to see the test class name)</i></small><p/>
<table width='100%' border='1' class='invocation-failed'>
<tr><td colspan='4' align='center'><b>FAILED TESTS</b></td></tr>
<tr><td><b>Test method</b></td>
<td width="30%"><b>Exception</b></td>
<td width="10%"><b>Time (seconds)</b></td>
<td><b>Instance</b></td>
</tr>
<tr>
<td title='Tests.TestFigures.CircleTest.checkCircumference()'><b>checkCircumference</b><br>Test class: Tests.TestFigures.CircleTest</td>
<td><div><pre>org.testng.internal.reflect.MethodMatcherException: 
[public void Tests.TestFigures.CircleTest.checkCircumference(double,java.lang.Double)] has no parameters defined but was found to be using a data provider (either explicitly specified or inherited from class level annotation).
Data provider mismatch
Arguments: [(java.lang.Double) 2.0]
	at java.util.ArrayList.forEach(Unknown Source)
... Removed 23 stack frames</pre></div><a href='#' onClick='toggleBox("stack-trace633075331", this, "Click to show all stack frames", "Click to hide stack frames")'>Click to show all stack frames</a>
<div class='stack-trace' id='stack-trace633075331'><pre>org.testng.internal.reflect.MethodMatcherException: 
[public void Tests.TestFigures.CircleTest.checkCircumference(double,java.lang.Double)] has no parameters defined but was found to be using a data provider (either explicitly specified or inherited from class level annotation).
Data provider mismatch
Method: checkCircumference([Parameter{index=0, type=double, declaredAnnotations=[@org.testng.annotations.Optional(value=)]}, Parameter{index=1, type=java.lang.Double, declaredAnnotations=[]}])
Arguments: [(java.lang.Double) 2.0]
	at org.testng.internal.reflect.DataProviderMethodMatcher.getConformingArguments(DataProviderMethodMatcher.java:43)
	at org.testng.internal.Parameters.injectParameters(Parameters.java:925)
	at org.testng.internal.MethodRunner.runInSequence(MethodRunner.java:34)
	at org.testng.internal.TestInvoker$MethodInvocationAgent.invoke(TestInvoker.java:804)
	at org.testng.internal.TestInvoker.invokeTestMethods(TestInvoker.java:145)
	at org.testng.internal.TestMethodWorker.invokeTestMethods(TestMethodWorker.java:146)
	at org.testng.internal.TestMethodWorker.run(TestMethodWorker.java:128)
	at java.util.ArrayList.forEach(Unknown Source)
	at org.testng.TestRunner.privateRun(TestRunner.java:770)
	at org.testng.TestRunner.run(TestRunner.java:591)
	at org.testng.SuiteRunner.runTest(SuiteRunner.java:402)
	at org.testng.SuiteRunner.runSequentially(SuiteRunner.java:396)
	at org.testng.SuiteRunner.privateRun(SuiteRunner.java:355)
	at org.testng.SuiteRunner.run(SuiteRunner.java:304)
	at org.testng.SuiteRunnerWorker.runSuite(SuiteRunnerWorker.java:53)
	at org.testng.SuiteRunnerWorker.run(SuiteRunnerWorker.java:96)
	at org.testng.TestNG.runSuitesSequentially(TestNG.java:1180)
	at org.testng.TestNG.runSuitesLocally(TestNG.java:1102)
	at org.testng.TestNG.runSuites(TestNG.java:1032)
	at org.testng.TestNG.run(TestNG.java:1000)
	at org.testng.remote.AbstractRemoteTestNG.run(AbstractRemoteTestNG.java:115)
	at org.testng.remote.RemoteTestNG.initAndRun(RemoteTestNG.java:251)
	at org.testng.remote.RemoteTestNG.main(RemoteTestNG.java:77)
</pre></div></td>
<td>0</td>
<td>Tests.TestFigures.CircleTest@7791a895</td></tr>
<tr>
<td title='Tests.TestFigures.RectangleTest.checkQuadrat()'><b>checkQuadrat</b><br>Test class: Tests.TestFigures.RectangleTest<br>Parameters: 2.0, 2.0</td>
<td><div><pre>org.testng.TestException: 
Method RectangleTest.checkQuadrat(double, double)[pri:2, instance:Tests.TestFigures.RectangleTest@6325a3ee, instance params:[]] should have thrown an exception of type class java.lang.RuntimeException
	at java.util.ArrayList.forEach(Unknown Source)
... Removed 24 stack frames</pre></div><a href='#' onClick='toggleBox("stack-trace1338841523", this, "Click to show all stack frames", "Click to hide stack frames")'>Click to show all stack frames</a>
<div class='stack-trace' id='stack-trace1338841523'><pre>org.testng.TestException: 
Method RectangleTest.checkQuadrat(double, double)[pri:2, instance:Tests.TestFigures.RectangleTest@6325a3ee, instance params:[]] should have thrown an exception of type class java.lang.RuntimeException
	at org.testng.internal.ExpectedExceptionsHolder.noException(ExpectedExceptionsHolder.java:82)
	at org.testng.internal.TestInvoker.considerExceptions(TestInvoker.java:729)
	at org.testng.internal.TestInvoker.invokeMethod(TestInvoker.java:616)
	at org.testng.internal.TestInvoker.invokeTestMethod(TestInvoker.java:172)
	at org.testng.internal.MethodRunner.runInSequence(MethodRunner.java:46)
	at org.testng.internal.TestInvoker$MethodInvocationAgent.invoke(TestInvoker.java:804)
	at org.testng.internal.TestInvoker.invokeTestMethods(TestInvoker.java:145)
	at org.testng.internal.TestMethodWorker.invokeTestMethods(TestMethodWorker.java:146)
	at org.testng.internal.TestMethodWorker.run(TestMethodWorker.java:128)
	at java.util.ArrayList.forEach(Unknown Source)
	at org.testng.TestRunner.privateRun(TestRunner.java:770)
	at org.testng.TestRunner.run(TestRunner.java:591)
	at org.testng.SuiteRunner.runTest(SuiteRunner.java:402)
	at org.testng.SuiteRunner.runSequentially(SuiteRunner.java:396)
	at org.testng.SuiteRunner.privateRun(SuiteRunner.java:355)
	at org.testng.SuiteRunner.run(SuiteRunner.java:304)
	at org.testng.SuiteRunnerWorker.runSuite(SuiteRunnerWorker.java:53)
	at org.testng.SuiteRunnerWorker.run(SuiteRunnerWorker.java:96)
	at org.testng.TestNG.runSuitesSequentially(TestNG.java:1180)
	at org.testng.TestNG.runSuitesLocally(TestNG.java:1102)
	at org.testng.TestNG.runSuites(TestNG.java:1032)
	at org.testng.TestNG.run(TestNG.java:1000)
	at org.testng.remote.AbstractRemoteTestNG.run(AbstractRemoteTestNG.java:115)
	at org.testng.remote.RemoteTestNG.initAndRun(RemoteTestNG.java:251)
	at org.testng.remote.RemoteTestNG.main(RemoteTestNG.java:77)
</pre></div></td>
<td>0</td>
<td>Tests.TestFigures.RectangleTest@6325a3ee</td></tr>
<tr>
<td title='Tests.TestFigures.RectangleTest.checkQuadrat()'><b>checkQuadrat</b><br>Test class: Tests.TestFigures.RectangleTest<br>Parameters: 10000.0, 2.0</td>
<td><div><pre>org.testng.TestException: 
The exception was thrown with the wrong message: expected &quot;Is not Square&quot; but got &quot;The values aren&apos;t the same&quot;
	at java.util.ArrayList.forEach(Unknown Source)
Caused by: java.lang.RuntimeException: The values aren&apos;t the same
	at Tests.TestFigures.RectangleTest.checkQuadrat(RectangleTest.java:48)
	... 22 more
... Removed 30 stack frames</pre></div><a href='#' onClick='toggleBox("stack-trace1561408618", this, "Click to show all stack frames", "Click to hide stack frames")'>Click to show all stack frames</a>
<div class='stack-trace' id='stack-trace1561408618'><pre>org.testng.TestException: 
The exception was thrown with the wrong message: expected &quot;Is not Square&quot; but got &quot;The values aren&apos;t the same&quot;
	at org.testng.internal.ExpectedExceptionsHolder.wrongException(ExpectedExceptionsHolder.java:70)
	at org.testng.internal.TestInvoker.considerExceptions(TestInvoker.java:719)
	at org.testng.internal.TestInvoker.invokeMethod(TestInvoker.java:616)
	at org.testng.internal.TestInvoker.invokeTestMethod(TestInvoker.java:172)
	at org.testng.internal.MethodRunner.runInSequence(MethodRunner.java:46)
	at org.testng.internal.TestInvoker$MethodInvocationAgent.invoke(TestInvoker.java:804)
	at org.testng.internal.TestInvoker.invokeTestMethods(TestInvoker.java:145)
	at org.testng.internal.TestMethodWorker.invokeTestMethods(TestMethodWorker.java:146)
	at org.testng.internal.TestMethodWorker.run(TestMethodWorker.java:128)
	at java.util.ArrayList.forEach(Unknown Source)
	at org.testng.TestRunner.privateRun(TestRunner.java:770)
	at org.testng.TestRunner.run(TestRunner.java:591)
	at org.testng.SuiteRunner.runTest(SuiteRunner.java:402)
	at org.testng.SuiteRunner.runSequentially(SuiteRunner.java:396)
	at org.testng.SuiteRunner.privateRun(SuiteRunner.java:355)
	at org.testng.SuiteRunner.run(SuiteRunner.java:304)
	at org.testng.SuiteRunnerWorker.runSuite(SuiteRunnerWorker.java:53)
	at org.testng.SuiteRunnerWorker.run(SuiteRunnerWorker.java:96)
	at org.testng.TestNG.runSuitesSequentially(TestNG.java:1180)
	at org.testng.TestNG.runSuitesLocally(TestNG.java:1102)
	at org.testng.TestNG.runSuites(TestNG.java:1032)
	at org.testng.TestNG.run(TestNG.java:1000)
	at org.testng.remote.AbstractRemoteTestNG.run(AbstractRemoteTestNG.java:115)
	at org.testng.remote.RemoteTestNG.initAndRun(RemoteTestNG.java:251)
	at org.testng.remote.RemoteTestNG.main(RemoteTestNG.java:77)
Caused by: java.lang.RuntimeException: The values aren&apos;t the same
	at Tests.TestFigures.RectangleTest.checkQuadrat(RectangleTest.java:48)
	at sun.reflect.NativeMethodAccessorImpl.invoke0(Native Method)
	at sun.reflect.NativeMethodAccessorImpl.invoke(Unknown Source)
	at sun.reflect.DelegatingMethodAccessorImpl.invoke(Unknown Source)
	at java.lang.reflect.Method.invoke(Unknown Source)
	at org.testng.internal.MethodInvocationHelper.invokeMethod(MethodInvocationHelper.java:133)
	at org.testng.internal.TestInvoker.invokeMethod(TestInvoker.java:584)
	... 22 more
</pre></div></td>
<td>0</td>
<td>Tests.TestFigures.RectangleTest@6325a3ee</td></tr>
<tr>
<td title='Tests.TestFigures.RectangleTest.checkQuadrat()'><b>checkQuadrat</b><br>Test class: Tests.TestFigures.RectangleTest<br>Parameters: 2.5, 2.0</td>
<td><div><pre>org.testng.TestException: 
The exception was thrown with the wrong message: expected &quot;Is not Square&quot; but got &quot;The values aren&apos;t the same&quot;
	at java.util.ArrayList.forEach(Unknown Source)
Caused by: java.lang.RuntimeException: The values aren&apos;t the same
	at Tests.TestFigures.RectangleTest.checkQuadrat(RectangleTest.java:48)
	... 22 more
... Removed 30 stack frames</pre></div><a href='#' onClick='toggleBox("stack-trace188576144", this, "Click to show all stack frames", "Click to hide stack frames")'>Click to show all stack frames</a>
<div class='stack-trace' id='stack-trace188576144'><pre>org.testng.TestException: 
The exception was thrown with the wrong message: expected &quot;Is not Square&quot; but got &quot;The values aren&apos;t the same&quot;
	at org.testng.internal.ExpectedExceptionsHolder.wrongException(ExpectedExceptionsHolder.java:70)
	at org.testng.internal.TestInvoker.considerExceptions(TestInvoker.java:719)
	at org.testng.internal.TestInvoker.invokeMethod(TestInvoker.java:616)
	at org.testng.internal.TestInvoker.invokeTestMethod(TestInvoker.java:172)
	at org.testng.internal.MethodRunner.runInSequence(MethodRunner.java:46)
	at org.testng.internal.TestInvoker$MethodInvocationAgent.invoke(TestInvoker.java:804)
	at org.testng.internal.TestInvoker.invokeTestMethods(TestInvoker.java:145)
	at org.testng.internal.TestMethodWorker.invokeTestMethods(TestMethodWorker.java:146)
	at org.testng.internal.TestMethodWorker.run(TestMethodWorker.java:128)
	at java.util.ArrayList.forEach(Unknown Source)
	at org.testng.TestRunner.privateRun(TestRunner.java:770)
	at org.testng.TestRunner.run(TestRunner.java:591)
	at org.testng.SuiteRunner.runTest(SuiteRunner.java:402)
	at org.testng.SuiteRunner.runSequentially(SuiteRunner.java:396)
	at org.testng.SuiteRunner.privateRun(SuiteRunner.java:355)
	at org.testng.SuiteRunner.run(SuiteRunner.java:304)
	at org.testng.SuiteRunnerWorker.runSuite(SuiteRunnerWorker.java:53)
	at org.testng.SuiteRunnerWorker.run(SuiteRunnerWorker.java:96)
	at org.testng.TestNG.runSuitesSequentially(TestNG.java:1180)
	at org.testng.TestNG.runSuitesLocally(TestNG.java:1102)
	at org.testng.TestNG.runSuites(TestNG.java:1032)
	at org.testng.TestNG.run(TestNG.java:1000)
	at org.testng.remote.AbstractRemoteTestNG.run(AbstractRemoteTestNG.java:115)
	at org.testng.remote.RemoteTestNG.initAndRun(RemoteTestNG.java:251)
	at org.testng.remote.RemoteTestNG.main(RemoteTestNG.java:77)
Caused by: java.lang.RuntimeException: The values aren&apos;t the same
	at Tests.TestFigures.RectangleTest.checkQuadrat(RectangleTest.java:48)
	at sun.reflect.NativeMethodAccessorImpl.invoke0(Native Method)
	at sun.reflect.NativeMethodAccessorImpl.invoke(Unknown Source)
	at sun.reflect.DelegatingMethodAccessorImpl.invoke(Unknown Source)
	at java.lang.reflect.Method.invoke(Unknown Source)
	at org.testng.internal.MethodInvocationHelper.invokeMethod(MethodInvocationHelper.java:133)
	at org.testng.internal.TestInvoker.invokeMethod(TestInvoker.java:584)
	... 22 more
</pre></div></td>
<td>0</td>
<td>Tests.TestFigures.RectangleTest@6325a3ee</td></tr>
<tr>
<td title='Tests.TestFigures.RectangleTest.checkQuadrat()'><b>checkQuadrat</b><br>Test class: Tests.TestFigures.RectangleTest<br>Parameters: 2.0, 10000.0</td>
<td><div><pre>org.testng.TestException: 
The exception was thrown with the wrong message: expected &quot;Is not Square&quot; but got &quot;The values aren&apos;t the same&quot;
	at java.util.ArrayList.forEach(Unknown Source)
Caused by: java.lang.RuntimeException: The values aren&apos;t the same
	at Tests.TestFigures.RectangleTest.checkQuadrat(RectangleTest.java:48)
	... 22 more
... Removed 30 stack frames</pre></div><a href='#' onClick='toggleBox("stack-trace266437232", this, "Click to show all stack frames", "Click to hide stack frames")'>Click to show all stack frames</a>
<div class='stack-trace' id='stack-trace266437232'><pre>org.testng.TestException: 
The exception was thrown with the wrong message: expected &quot;Is not Square&quot; but got &quot;The values aren&apos;t the same&quot;
	at org.testng.internal.ExpectedExceptionsHolder.wrongException(ExpectedExceptionsHolder.java:70)
	at org.testng.internal.TestInvoker.considerExceptions(TestInvoker.java:719)
	at org.testng.internal.TestInvoker.invokeMethod(TestInvoker.java:616)
	at org.testng.internal.TestInvoker.invokeTestMethod(TestInvoker.java:172)
	at org.testng.internal.MethodRunner.runInSequence(MethodRunner.java:46)
	at org.testng.internal.TestInvoker$MethodInvocationAgent.invoke(TestInvoker.java:804)
	at org.testng.internal.TestInvoker.invokeTestMethods(TestInvoker.java:145)
	at org.testng.internal.TestMethodWorker.invokeTestMethods(TestMethodWorker.java:146)
	at org.testng.internal.TestMethodWorker.run(TestMethodWorker.java:128)
	at java.util.ArrayList.forEach(Unknown Source)
	at org.testng.TestRunner.privateRun(TestRunner.java:770)
	at org.testng.TestRunner.run(TestRunner.java:591)
	at org.testng.SuiteRunner.runTest(SuiteRunner.java:402)
	at org.testng.SuiteRunner.runSequentially(SuiteRunner.java:396)
	at org.testng.SuiteRunner.privateRun(SuiteRunner.java:355)
	at org.testng.SuiteRunner.run(SuiteRunner.java:304)
	at org.testng.SuiteRunnerWorker.runSuite(SuiteRunnerWorker.java:53)
	at org.testng.SuiteRunnerWorker.run(SuiteRunnerWorker.java:96)
	at org.testng.TestNG.runSuitesSequentially(TestNG.java:1180)
	at org.testng.TestNG.runSuitesLocally(TestNG.java:1102)
	at org.testng.TestNG.runSuites(TestNG.java:1032)
	at org.testng.TestNG.run(TestNG.java:1000)
	at org.testng.remote.AbstractRemoteTestNG.run(AbstractRemoteTestNG.java:115)
	at org.testng.remote.RemoteTestNG.initAndRun(RemoteTestNG.java:251)
	at org.testng.remote.RemoteTestNG.main(RemoteTestNG.java:77)
Caused by: java.lang.RuntimeException: The values aren&apos;t the same
	at Tests.TestFigures.RectangleTest.checkQuadrat(RectangleTest.java:48)
	at sun.reflect.NativeMethodAccessorImpl.invoke0(Native Method)
	at sun.reflect.NativeMethodAccessorImpl.invoke(Unknown Source)
	at sun.reflect.DelegatingMethodAccessorImpl.invoke(Unknown Source)
	at java.lang.reflect.Method.invoke(Unknown Source)
	at org.testng.internal.MethodInvocationHelper.invokeMethod(MethodInvocationHelper.java:133)
	at org.testng.internal.TestInvoker.invokeMethod(TestInvoker.java:584)
	... 22 more
</pre></div></td>
<td>0</td>
<td>Tests.TestFigures.RectangleTest@6325a3ee</td></tr>
<tr>
<td title='Tests.TestFigures.RectangleTest.checkQuadrat()'><b>checkQuadrat</b><br>Test class: Tests.TestFigures.RectangleTest<br>Parameters: 10000.0, 10000.0</td>
<td><div><pre>org.testng.TestException: 
Method RectangleTest.checkQuadrat(double, double)[pri:2, instance:Tests.TestFigures.RectangleTest@6325a3ee, instance params:[]] should have thrown an exception of type class java.lang.RuntimeException
	at java.util.ArrayList.forEach(Unknown Source)
... Removed 24 stack frames</pre></div><a href='#' onClick='toggleBox("stack-trace1843289228", this, "Click to show all stack frames", "Click to hide stack frames")'>Click to show all stack frames</a>
<div class='stack-trace' id='stack-trace1843289228'><pre>org.testng.TestException: 
Method RectangleTest.checkQuadrat(double, double)[pri:2, instance:Tests.TestFigures.RectangleTest@6325a3ee, instance params:[]] should have thrown an exception of type class java.lang.RuntimeException
	at org.testng.internal.ExpectedExceptionsHolder.noException(ExpectedExceptionsHolder.java:82)
	at org.testng.internal.TestInvoker.considerExceptions(TestInvoker.java:729)
	at org.testng.internal.TestInvoker.invokeMethod(TestInvoker.java:616)
	at org.testng.internal.TestInvoker.invokeTestMethod(TestInvoker.java:172)
	at org.testng.internal.MethodRunner.runInSequence(MethodRunner.java:46)
	at org.testng.internal.TestInvoker$MethodInvocationAgent.invoke(TestInvoker.java:804)
	at org.testng.internal.TestInvoker.invokeTestMethods(TestInvoker.java:145)
	at org.testng.internal.TestMethodWorker.invokeTestMethods(TestMethodWorker.java:146)
	at org.testng.internal.TestMethodWorker.run(TestMethodWorker.java:128)
	at java.util.ArrayList.forEach(Unknown Source)
	at org.testng.TestRunner.privateRun(TestRunner.java:770)
	at org.testng.TestRunner.run(TestRunner.java:591)
	at org.testng.SuiteRunner.runTest(SuiteRunner.java:402)
	at org.testng.SuiteRunner.runSequentially(SuiteRunner.java:396)
	at org.testng.SuiteRunner.privateRun(SuiteRunner.java:355)
	at org.testng.SuiteRunner.run(SuiteRunner.java:304)
	at org.testng.SuiteRunnerWorker.runSuite(SuiteRunnerWorker.java:53)
	at org.testng.SuiteRunnerWorker.run(SuiteRunnerWorker.java:96)
	at org.testng.TestNG.runSuitesSequentially(TestNG.java:1180)
	at org.testng.TestNG.runSuitesLocally(TestNG.java:1102)
	at org.testng.TestNG.runSuites(TestNG.java:1032)
	at org.testng.TestNG.run(TestNG.java:1000)
	at org.testng.remote.AbstractRemoteTestNG.run(AbstractRemoteTestNG.java:115)
	at org.testng.remote.RemoteTestNG.initAndRun(RemoteTestNG.java:251)
	at org.testng.remote.RemoteTestNG.main(RemoteTestNG.java:77)
</pre></div></td>
<td>0</td>
<td>Tests.TestFigures.RectangleTest@6325a3ee</td></tr>
<tr>
<td title='Tests.TestFigures.RectangleTest.checkQuadrat()'><b>checkQuadrat</b><br>Test class: Tests.TestFigures.RectangleTest<br>Parameters: 2.5, 10000.0</td>
<td><div><pre>org.testng.TestException: 
The exception was thrown with the wrong message: expected &quot;Is not Square&quot; but got &quot;The values aren&apos;t the same&quot;
	at java.util.ArrayList.forEach(Unknown Source)
Caused by: java.lang.RuntimeException: The values aren&apos;t the same
	at Tests.TestFigures.RectangleTest.checkQuadrat(RectangleTest.java:48)
	... 22 more
... Removed 30 stack frames</pre></div><a href='#' onClick='toggleBox("stack-trace999609945", this, "Click to show all stack frames", "Click to hide stack frames")'>Click to show all stack frames</a>
<div class='stack-trace' id='stack-trace999609945'><pre>org.testng.TestException: 
The exception was thrown with the wrong message: expected &quot;Is not Square&quot; but got &quot;The values aren&apos;t the same&quot;
	at org.testng.internal.ExpectedExceptionsHolder.wrongException(ExpectedExceptionsHolder.java:70)
	at org.testng.internal.TestInvoker.considerExceptions(TestInvoker.java:719)
	at org.testng.internal.TestInvoker.invokeMethod(TestInvoker.java:616)
	at org.testng.internal.TestInvoker.invokeTestMethod(TestInvoker.java:172)
	at org.testng.internal.MethodRunner.runInSequence(MethodRunner.java:46)
	at org.testng.internal.TestInvoker$MethodInvocationAgent.invoke(TestInvoker.java:804)
	at org.testng.internal.TestInvoker.invokeTestMethods(TestInvoker.java:145)
	at org.testng.internal.TestMethodWorker.invokeTestMethods(TestMethodWorker.java:146)
	at org.testng.internal.TestMethodWorker.run(TestMethodWorker.java:128)
	at java.util.ArrayList.forEach(Unknown Source)
	at org.testng.TestRunner.privateRun(TestRunner.java:770)
	at org.testng.TestRunner.run(TestRunner.java:591)
	at org.testng.SuiteRunner.runTest(SuiteRunner.java:402)
	at org.testng.SuiteRunner.runSequentially(SuiteRunner.java:396)
	at org.testng.SuiteRunner.privateRun(SuiteRunner.java:355)
	at org.testng.SuiteRunner.run(SuiteRunner.java:304)
	at org.testng.SuiteRunnerWorker.runSuite(SuiteRunnerWorker.java:53)
	at org.testng.SuiteRunnerWorker.run(SuiteRunnerWorker.java:96)
	at org.testng.TestNG.runSuitesSequentially(TestNG.java:1180)
	at org.testng.TestNG.runSuitesLocally(TestNG.java:1102)
	at org.testng.TestNG.runSuites(TestNG.java:1032)
	at org.testng.TestNG.run(TestNG.java:1000)
	at org.testng.remote.AbstractRemoteTestNG.run(AbstractRemoteTestNG.java:115)
	at org.testng.remote.RemoteTestNG.initAndRun(RemoteTestNG.java:251)
	at org.testng.remote.RemoteTestNG.main(RemoteTestNG.java:77)
Caused by: java.lang.RuntimeException: The values aren&apos;t the same
	at Tests.TestFigures.RectangleTest.checkQuadrat(RectangleTest.java:48)
	at sun.reflect.NativeMethodAccessorImpl.invoke0(Native Method)
	at sun.reflect.NativeMethodAccessorImpl.invoke(Unknown Source)
	at sun.reflect.DelegatingMethodAccessorImpl.invoke(Unknown Source)
	at java.lang.reflect.Method.invoke(Unknown Source)
	at org.testng.internal.MethodInvocationHelper.invokeMethod(MethodInvocationHelper.java:133)
	at org.testng.internal.TestInvoker.invokeMethod(TestInvoker.java:584)
	... 22 more
</pre></div></td>
<td>0</td>
<td>Tests.TestFigures.RectangleTest@6325a3ee</td></tr>
<tr>
<td title='Tests.TestFigures.RectangleTest.checkQuadrat()'><b>checkQuadrat</b><br>Test class: Tests.TestFigures.RectangleTest<br>Parameters: 2.0, 2.5</td>
<td><div><pre>org.testng.TestException: 
The exception was thrown with the wrong message: expected &quot;Is not Square&quot; but got &quot;The values aren&apos;t the same&quot;
	at java.util.ArrayList.forEach(Unknown Source)
Caused by: java.lang.RuntimeException: The values aren&apos;t the same
	at Tests.TestFigures.RectangleTest.checkQuadrat(RectangleTest.java:48)
	... 22 more
... Removed 30 stack frames</pre></div><a href='#' onClick='toggleBox("stack-trace673068808", this, "Click to show all stack frames", "Click to hide stack frames")'>Click to show all stack frames</a>
<div class='stack-trace' id='stack-trace673068808'><pre>org.testng.TestException: 
The exception was thrown with the wrong message: expected &quot;Is not Square&quot; but got &quot;The values aren&apos;t the same&quot;
	at org.testng.internal.ExpectedExceptionsHolder.wrongException(ExpectedExceptionsHolder.java:70)
	at org.testng.internal.TestInvoker.considerExceptions(TestInvoker.java:719)
	at org.testng.internal.TestInvoker.invokeMethod(TestInvoker.java:616)
	at org.testng.internal.TestInvoker.invokeTestMethod(TestInvoker.java:172)
	at org.testng.internal.MethodRunner.runInSequence(MethodRunner.java:46)
	at org.testng.internal.TestInvoker$MethodInvocationAgent.invoke(TestInvoker.java:804)
	at org.testng.internal.TestInvoker.invokeTestMethods(TestInvoker.java:145)
	at org.testng.internal.TestMethodWorker.invokeTestMethods(TestMethodWorker.java:146)
	at org.testng.internal.TestMethodWorker.run(TestMethodWorker.java:128)
	at java.util.ArrayList.forEach(Unknown Source)
	at org.testng.TestRunner.privateRun(TestRunner.java:770)
	at org.testng.TestRunner.run(TestRunner.java:591)
	at org.testng.SuiteRunner.runTest(SuiteRunner.java:402)
	at org.testng.SuiteRunner.runSequentially(SuiteRunner.java:396)
	at org.testng.SuiteRunner.privateRun(SuiteRunner.java:355)
	at org.testng.SuiteRunner.run(SuiteRunner.java:304)
	at org.testng.SuiteRunnerWorker.runSuite(SuiteRunnerWorker.java:53)
	at org.testng.SuiteRunnerWorker.run(SuiteRunnerWorker.java:96)
	at org.testng.TestNG.runSuitesSequentially(TestNG.java:1180)
	at org.testng.TestNG.runSuitesLocally(TestNG.java:1102)
	at org.testng.TestNG.runSuites(TestNG.java:1032)
	at org.testng.TestNG.run(TestNG.java:1000)
	at org.testng.remote.AbstractRemoteTestNG.run(AbstractRemoteTestNG.java:115)
	at org.testng.remote.RemoteTestNG.initAndRun(RemoteTestNG.java:251)
	at org.testng.remote.RemoteTestNG.main(RemoteTestNG.java:77)
Caused by: java.lang.RuntimeException: The values aren&apos;t the same
	at Tests.TestFigures.RectangleTest.checkQuadrat(RectangleTest.java:48)
	at sun.reflect.NativeMethodAccessorImpl.invoke0(Native Method)
	at sun.reflect.NativeMethodAccessorImpl.invoke(Unknown Source)
	at sun.reflect.DelegatingMethodAccessorImpl.invoke(Unknown Source)
	at java.lang.reflect.Method.invoke(Unknown Source)
	at org.testng.internal.MethodInvocationHelper.invokeMethod(MethodInvocationHelper.java:133)
	at org.testng.internal.TestInvoker.invokeMethod(TestInvoker.java:584)
	... 22 more
</pre></div></td>
<td>0</td>
<td>Tests.TestFigures.RectangleTest@6325a3ee</td></tr>
<tr>
<td title='Tests.TestFigures.RectangleTest.checkQuadrat()'><b>checkQuadrat</b><br>Test class: Tests.TestFigures.RectangleTest<br>Parameters: 10000.0, 2.5</td>
<td><div><pre>org.testng.TestException: 
The exception was thrown with the wrong message: expected &quot;Is not Square&quot; but got &quot;The values aren&apos;t the same&quot;
	at java.util.ArrayList.forEach(Unknown Source)
Caused by: java.lang.RuntimeException: The values aren&apos;t the same
	at Tests.TestFigures.RectangleTest.checkQuadrat(RectangleTest.java:48)
	... 22 more
... Removed 30 stack frames</pre></div><a href='#' onClick='toggleBox("stack-trace17037394", this, "Click to show all stack frames", "Click to hide stack frames")'>Click to show all stack frames</a>
<div class='stack-trace' id='stack-trace17037394'><pre>org.testng.TestException: 
The exception was thrown with the wrong message: expected &quot;Is not Square&quot; but got &quot;The values aren&apos;t the same&quot;
	at org.testng.internal.ExpectedExceptionsHolder.wrongException(ExpectedExceptionsHolder.java:70)
	at org.testng.internal.TestInvoker.considerExceptions(TestInvoker.java:719)
	at org.testng.internal.TestInvoker.invokeMethod(TestInvoker.java:616)
	at org.testng.internal.TestInvoker.invokeTestMethod(TestInvoker.java:172)
	at org.testng.internal.MethodRunner.runInSequence(MethodRunner.java:46)
	at org.testng.internal.TestInvoker$MethodInvocationAgent.invoke(TestInvoker.java:804)
	at org.testng.internal.TestInvoker.invokeTestMethods(TestInvoker.java:145)
	at org.testng.internal.TestMethodWorker.invokeTestMethods(TestMethodWorker.java:146)
	at org.testng.internal.TestMethodWorker.run(TestMethodWorker.java:128)
	at java.util.ArrayList.forEach(Unknown Source)
	at org.testng.TestRunner.privateRun(TestRunner.java:770)
	at org.testng.TestRunner.run(TestRunner.java:591)
	at org.testng.SuiteRunner.runTest(SuiteRunner.java:402)
	at org.testng.SuiteRunner.runSequentially(SuiteRunner.java:396)
	at org.testng.SuiteRunner.privateRun(SuiteRunner.java:355)
	at org.testng.SuiteRunner.run(SuiteRunner.java:304)
	at org.testng.SuiteRunnerWorker.runSuite(SuiteRunnerWorker.java:53)
	at org.testng.SuiteRunnerWorker.run(SuiteRunnerWorker.java:96)
	at org.testng.TestNG.runSuitesSequentially(TestNG.java:1180)
	at org.testng.TestNG.runSuitesLocally(TestNG.java:1102)
	at org.testng.TestNG.runSuites(TestNG.java:1032)
	at org.testng.TestNG.run(TestNG.java:1000)
	at org.testng.remote.AbstractRemoteTestNG.run(AbstractRemoteTestNG.java:115)
	at org.testng.remote.RemoteTestNG.initAndRun(RemoteTestNG.java:251)
	at org.testng.remote.RemoteTestNG.main(RemoteTestNG.java:77)
Caused by: java.lang.RuntimeException: The values aren&apos;t the same
	at Tests.TestFigures.RectangleTest.checkQuadrat(RectangleTest.java:48)
	at sun.reflect.NativeMethodAccessorImpl.invoke0(Native Method)
	at sun.reflect.NativeMethodAccessorImpl.invoke(Unknown Source)
	at sun.reflect.DelegatingMethodAccessorImpl.invoke(Unknown Source)
	at java.lang.reflect.Method.invoke(Unknown Source)
	at org.testng.internal.MethodInvocationHelper.invokeMethod(MethodInvocationHelper.java:133)
	at org.testng.internal.TestInvoker.invokeMethod(TestInvoker.java:584)
	... 22 more
</pre></div></td>
<td>0</td>
<td>Tests.TestFigures.RectangleTest@6325a3ee</td></tr>
<tr>
<td title='Tests.TestFigures.RectangleTest.checkQuadrat()'><b>checkQuadrat</b><br>Test class: Tests.TestFigures.RectangleTest<br>Parameters: 2.5, 2.5</td>
<td><div><pre>org.testng.TestException: 
Method RectangleTest.checkQuadrat(double, double)[pri:2, instance:Tests.TestFigures.RectangleTest@6325a3ee, instance params:[]] should have thrown an exception of type class java.lang.RuntimeException
	at java.util.ArrayList.forEach(Unknown Source)
... Removed 24 stack frames</pre></div><a href='#' onClick='toggleBox("stack-trace1159114532", this, "Click to show all stack frames", "Click to hide stack frames")'>Click to show all stack frames</a>
<div class='stack-trace' id='stack-trace1159114532'><pre>org.testng.TestException: 
Method RectangleTest.checkQuadrat(double, double)[pri:2, instance:Tests.TestFigures.RectangleTest@6325a3ee, instance params:[]] should have thrown an exception of type class java.lang.RuntimeException
	at org.testng.internal.ExpectedExceptionsHolder.noException(ExpectedExceptionsHolder.java:82)
	at org.testng.internal.TestInvoker.considerExceptions(TestInvoker.java:729)
	at org.testng.internal.TestInvoker.invokeMethod(TestInvoker.java:616)
	at org.testng.internal.TestInvoker.invokeTestMethod(TestInvoker.java:172)
	at org.testng.internal.MethodRunner.runInSequence(MethodRunner.java:46)
	at org.testng.internal.TestInvoker$MethodInvocationAgent.invoke(TestInvoker.java:804)
	at org.testng.internal.TestInvoker.invokeTestMethods(TestInvoker.java:145)
	at org.testng.internal.TestMethodWorker.invokeTestMethods(TestMethodWorker.java:146)
	at org.testng.internal.TestMethodWorker.run(TestMethodWorker.java:128)
	at java.util.ArrayList.forEach(Unknown Source)
	at org.testng.TestRunner.privateRun(TestRunner.java:770)
	at org.testng.TestRunner.run(TestRunner.java:591)
	at org.testng.SuiteRunner.runTest(SuiteRunner.java:402)
	at org.testng.SuiteRunner.runSequentially(SuiteRunner.java:396)
	at org.testng.SuiteRunner.privateRun(SuiteRunner.java:355)
	at org.testng.SuiteRunner.run(SuiteRunner.java:304)
	at org.testng.SuiteRunnerWorker.runSuite(SuiteRunnerWorker.java:53)
	at org.testng.SuiteRunnerWorker.run(SuiteRunnerWorker.java:96)
	at org.testng.TestNG.runSuitesSequentially(TestNG.java:1180)
	at org.testng.TestNG.runSuitesLocally(TestNG.java:1102)
	at org.testng.TestNG.runSuites(TestNG.java:1032)
	at org.testng.TestNG.run(TestNG.java:1000)
	at org.testng.remote.AbstractRemoteTestNG.run(AbstractRemoteTestNG.java:115)
	at org.testng.remote.RemoteTestNG.initAndRun(RemoteTestNG.java:251)
	at org.testng.remote.RemoteTestNG.main(RemoteTestNG.java:77)
</pre></div></td>
<td>0</td>
<td>Tests.TestFigures.RectangleTest@6325a3ee</td></tr>
<tr>
<td title='Tests.TestFigures.RectangleTest.checkRectangle()'><b>checkRectangle</b><br>Test class: Tests.TestFigures.RectangleTest<br>Parameters: 10000.0, 2.0</td>
<td><div><pre>java.lang.AssertionError: did not expect to find [20000.0] but found [1.0E8]
	at Tests.TestFigures.RectangleTest.checkRectangle(RectangleTest.java:22)
	at java.util.ArrayList.forEach(Unknown Source)
... Removed 31 stack frames</pre></div><a href='#' onClick='toggleBox("stack-trace1884122755", this, "Click to show all stack frames", "Click to hide stack frames")'>Click to show all stack frames</a>
<div class='stack-trace' id='stack-trace1884122755'><pre>java.lang.AssertionError: did not expect to find [20000.0] but found [1.0E8]
	at org.testng.Assert.fail(Assert.java:97)
	at org.testng.Assert.failNotEquals(Assert.java:969)
	at org.testng.Assert.assertEquals(Assert.java:640)
	at org.testng.Assert.assertEquals(Assert.java:651)
	at Tests.TestFigures.RectangleTest.checkRectangle(RectangleTest.java:22)
	at sun.reflect.NativeMethodAccessorImpl.invoke0(Native Method)
	at sun.reflect.NativeMethodAccessorImpl.invoke(Unknown Source)
	at sun.reflect.DelegatingMethodAccessorImpl.invoke(Unknown Source)
	at java.lang.reflect.Method.invoke(Unknown Source)
	at org.testng.internal.MethodInvocationHelper.invokeMethod(MethodInvocationHelper.java:133)
	at org.testng.internal.TestInvoker.invokeMethod(TestInvoker.java:584)
	at org.testng.internal.TestInvoker.invokeTestMethod(TestInvoker.java:172)
	at org.testng.internal.MethodRunner.runInSequence(MethodRunner.java:46)
	at org.testng.internal.TestInvoker$MethodInvocationAgent.invoke(TestInvoker.java:804)
	at org.testng.internal.TestInvoker.invokeTestMethods(TestInvoker.java:145)
	at org.testng.internal.TestMethodWorker.invokeTestMethods(TestMethodWorker.java:146)
	at org.testng.internal.TestMethodWorker.run(TestMethodWorker.java:128)
	at java.util.ArrayList.forEach(Unknown Source)
	at org.testng.TestRunner.privateRun(TestRunner.java:770)
	at org.testng.TestRunner.run(TestRunner.java:591)
	at org.testng.SuiteRunner.runTest(SuiteRunner.java:402)
	at org.testng.SuiteRunner.runSequentially(SuiteRunner.java:396)
	at org.testng.SuiteRunner.privateRun(SuiteRunner.java:355)
	at org.testng.SuiteRunner.run(SuiteRunner.java:304)
	at org.testng.SuiteRunnerWorker.runSuite(SuiteRunnerWorker.java:53)
	at org.testng.SuiteRunnerWorker.run(SuiteRunnerWorker.java:96)
	at org.testng.TestNG.runSuitesSequentially(TestNG.java:1180)
	at org.testng.TestNG.runSuitesLocally(TestNG.java:1102)
	at org.testng.TestNG.runSuites(TestNG.java:1032)
	at org.testng.TestNG.run(TestNG.java:1000)
	at org.testng.remote.AbstractRemoteTestNG.run(AbstractRemoteTestNG.java:115)
	at org.testng.remote.RemoteTestNG.initAndRun(RemoteTestNG.java:251)
	at org.testng.remote.RemoteTestNG.main(RemoteTestNG.java:77)
</pre></div></td>
<td>0</td>
<td>Tests.TestFigures.RectangleTest@6325a3ee</td></tr>
<tr>
<td title='Tests.TestFigures.RectangleTest.checkRectangle()'><b>checkRectangle</b><br>Test class: Tests.TestFigures.RectangleTest<br>Parameters: 2.5, 2.0</td>
<td><div><pre>java.lang.AssertionError: did not expect to find [5.0] but found [6.25]
	at Tests.TestFigures.RectangleTest.checkRectangle(RectangleTest.java:22)
	at java.util.ArrayList.forEach(Unknown Source)
... Removed 31 stack frames</pre></div><a href='#' onClick='toggleBox("stack-trace246550802", this, "Click to show all stack frames", "Click to hide stack frames")'>Click to show all stack frames</a>
<div class='stack-trace' id='stack-trace246550802'><pre>java.lang.AssertionError: did not expect to find [5.0] but found [6.25]
	at org.testng.Assert.fail(Assert.java:97)
	at org.testng.Assert.failNotEquals(Assert.java:969)
	at org.testng.Assert.assertEquals(Assert.java:640)
	at org.testng.Assert.assertEquals(Assert.java:651)
	at Tests.TestFigures.RectangleTest.checkRectangle(RectangleTest.java:22)
	at sun.reflect.NativeMethodAccessorImpl.invoke0(Native Method)
	at sun.reflect.NativeMethodAccessorImpl.invoke(Unknown Source)
	at sun.reflect.DelegatingMethodAccessorImpl.invoke(Unknown Source)
	at java.lang.reflect.Method.invoke(Unknown Source)
	at org.testng.internal.MethodInvocationHelper.invokeMethod(MethodInvocationHelper.java:133)
	at org.testng.internal.TestInvoker.invokeMethod(TestInvoker.java:584)
	at org.testng.internal.TestInvoker.invokeTestMethod(TestInvoker.java:172)
	at org.testng.internal.MethodRunner.runInSequence(MethodRunner.java:46)
	at org.testng.internal.TestInvoker$MethodInvocationAgent.invoke(TestInvoker.java:804)
	at org.testng.internal.TestInvoker.invokeTestMethods(TestInvoker.java:145)
	at org.testng.internal.TestMethodWorker.invokeTestMethods(TestMethodWorker.java:146)
	at org.testng.internal.TestMethodWorker.run(TestMethodWorker.java:128)
	at java.util.ArrayList.forEach(Unknown Source)
	at org.testng.TestRunner.privateRun(TestRunner.java:770)
	at org.testng.TestRunner.run(TestRunner.java:591)
	at org.testng.SuiteRunner.runTest(SuiteRunner.java:402)
	at org.testng.SuiteRunner.runSequentially(SuiteRunner.java:396)
	at org.testng.SuiteRunner.privateRun(SuiteRunner.java:355)
	at org.testng.SuiteRunner.run(SuiteRunner.java:304)
	at org.testng.SuiteRunnerWorker.runSuite(SuiteRunnerWorker.java:53)
	at org.testng.SuiteRunnerWorker.run(SuiteRunnerWorker.java:96)
	at org.testng.TestNG.runSuitesSequentially(TestNG.java:1180)
	at org.testng.TestNG.runSuitesLocally(TestNG.java:1102)
	at org.testng.TestNG.runSuites(TestNG.java:1032)
	at org.testng.TestNG.run(TestNG.java:1000)
	at org.testng.remote.AbstractRemoteTestNG.run(AbstractRemoteTestNG.java:115)
	at org.testng.remote.RemoteTestNG.initAndRun(RemoteTestNG.java:251)
	at org.testng.remote.RemoteTestNG.main(RemoteTestNG.java:77)
</pre></div></td>
<td>0</td>
<td>Tests.TestFigures.RectangleTest@6325a3ee</td></tr>
<tr>
<td title='Tests.TestFigures.RectangleTest.checkRectangle()'><b>checkRectangle</b><br>Test class: Tests.TestFigures.RectangleTest<br>Parameters: 10000.0, 2.5</td>
<td><div><pre>java.lang.AssertionError: did not expect to find [25000.0] but found [1.0E8]
	at Tests.TestFigures.RectangleTest.checkRectangle(RectangleTest.java:22)
	at java.util.ArrayList.forEach(Unknown Source)
... Removed 31 stack frames</pre></div><a href='#' onClick='toggleBox("stack-trace1739876329", this, "Click to show all stack frames", "Click to hide stack frames")'>Click to show all stack frames</a>
<div class='stack-trace' id='stack-trace1739876329'><pre>java.lang.AssertionError: did not expect to find [25000.0] but found [1.0E8]
	at org.testng.Assert.fail(Assert.java:97)
	at org.testng.Assert.failNotEquals(Assert.java:969)
	at org.testng.Assert.assertEquals(Assert.java:640)
	at org.testng.Assert.assertEquals(Assert.java:651)
	at Tests.TestFigures.RectangleTest.checkRectangle(RectangleTest.java:22)
	at sun.reflect.NativeMethodAccessorImpl.invoke0(Native Method)
	at sun.reflect.NativeMethodAccessorImpl.invoke(Unknown Source)
	at sun.reflect.DelegatingMethodAccessorImpl.invoke(Unknown Source)
	at java.lang.reflect.Method.invoke(Unknown Source)
	at org.testng.internal.MethodInvocationHelper.invokeMethod(MethodInvocationHelper.java:133)
	at org.testng.internal.TestInvoker.invokeMethod(TestInvoker.java:584)
	at org.testng.internal.TestInvoker.invokeTestMethod(TestInvoker.java:172)
	at org.testng.internal.MethodRunner.runInSequence(MethodRunner.java:46)
	at org.testng.internal.TestInvoker$MethodInvocationAgent.invoke(TestInvoker.java:804)
	at org.testng.internal.TestInvoker.invokeTestMethods(TestInvoker.java:145)
	at org.testng.internal.TestMethodWorker.invokeTestMethods(TestMethodWorker.java:146)
	at org.testng.internal.TestMethodWorker.run(TestMethodWorker.java:128)
	at java.util.ArrayList.forEach(Unknown Source)
	at org.testng.TestRunner.privateRun(TestRunner.java:770)
	at org.testng.TestRunner.run(TestRunner.java:591)
	at org.testng.SuiteRunner.runTest(SuiteRunner.java:402)
	at org.testng.SuiteRunner.runSequentially(SuiteRunner.java:396)
	at org.testng.SuiteRunner.privateRun(SuiteRunner.java:355)
	at org.testng.SuiteRunner.run(SuiteRunner.java:304)
	at org.testng.SuiteRunnerWorker.runSuite(SuiteRunnerWorker.java:53)
	at org.testng.SuiteRunnerWorker.run(SuiteRunnerWorker.java:96)
	at org.testng.TestNG.runSuitesSequentially(TestNG.java:1180)
	at org.testng.TestNG.runSuitesLocally(TestNG.java:1102)
	at org.testng.TestNG.runSuites(TestNG.java:1032)
	at org.testng.TestNG.run(TestNG.java:1000)
	at org.testng.remote.AbstractRemoteTestNG.run(AbstractRemoteTestNG.java:115)
	at org.testng.remote.RemoteTestNG.initAndRun(RemoteTestNG.java:251)
	at org.testng.remote.RemoteTestNG.main(RemoteTestNG.java:77)
</pre></div></td>
<td>0</td>
<td>Tests.TestFigures.RectangleTest@6325a3ee</td></tr>
<tr>
<td title='Tests.TestFigures.CircleTest.checkSquare()'><b>checkSquare</b><br>Test class: Tests.TestFigures.CircleTest<br>Parameters: 2.5</td>
<td><div><pre>java.lang.AssertionError: did not expect to find [19.635] but found [19.636]
	at Tests.TestFigures.CircleTest.checkSquare(CircleTest.java:36)
	at java.util.ArrayList.forEach(Unknown Source)
... Removed 31 stack frames</pre></div><a href='#' onClick='toggleBox("stack-trace1545087375", this, "Click to show all stack frames", "Click to hide stack frames")'>Click to show all stack frames</a>
<div class='stack-trace' id='stack-trace1545087375'><pre>java.lang.AssertionError: did not expect to find [19.635] but found [19.636]
	at org.testng.Assert.fail(Assert.java:97)
	at org.testng.Assert.failNotEquals(Assert.java:969)
	at org.testng.Assert.assertEquals(Assert.java:640)
	at org.testng.Assert.assertEquals(Assert.java:651)
	at Tests.TestFigures.CircleTest.checkSquare(CircleTest.java:36)
	at sun.reflect.NativeMethodAccessorImpl.invoke0(Native Method)
	at sun.reflect.NativeMethodAccessorImpl.invoke(Unknown Source)
	at sun.reflect.DelegatingMethodAccessorImpl.invoke(Unknown Source)
	at java.lang.reflect.Method.invoke(Unknown Source)
	at org.testng.internal.MethodInvocationHelper.invokeMethod(MethodInvocationHelper.java:133)
	at org.testng.internal.TestInvoker.invokeMethod(TestInvoker.java:584)
	at org.testng.internal.TestInvoker.invokeTestMethod(TestInvoker.java:172)
	at org.testng.internal.MethodRunner.runInSequence(MethodRunner.java:46)
	at org.testng.internal.TestInvoker$MethodInvocationAgent.invoke(TestInvoker.java:804)
	at org.testng.internal.TestInvoker.invokeTestMethods(TestInvoker.java:145)
	at org.testng.internal.TestMethodWorker.invokeTestMethods(TestMethodWorker.java:146)
	at org.testng.internal.TestMethodWorker.run(TestMethodWorker.java:128)
	at java.util.ArrayList.forEach(Unknown Source)
	at org.testng.TestRunner.privateRun(TestRunner.java:770)
	at org.testng.TestRunner.run(TestRunner.java:591)
	at org.testng.SuiteRunner.runTest(SuiteRunner.java:402)
	at org.testng.SuiteRunner.runSequentially(SuiteRunner.java:396)
	at org.testng.SuiteRunner.privateRun(SuiteRunner.java:355)
	at org.testng.SuiteRunner.run(SuiteRunner.java:304)
	at org.testng.SuiteRunnerWorker.runSuite(SuiteRunnerWorker.java:53)
	at org.testng.SuiteRunnerWorker.run(SuiteRunnerWorker.java:96)
	at org.testng.TestNG.runSuitesSequentially(TestNG.java:1180)
	at org.testng.TestNG.runSuitesLocally(TestNG.java:1102)
	at org.testng.TestNG.runSuites(TestNG.java:1032)
	at org.testng.TestNG.run(TestNG.java:1000)
	at org.testng.remote.AbstractRemoteTestNG.run(AbstractRemoteTestNG.java:115)
	at org.testng.remote.RemoteTestNG.initAndRun(RemoteTestNG.java:251)
	at org.testng.remote.RemoteTestNG.main(RemoteTestNG.java:77)
</pre></div></td>
<td>0</td>
<td>Tests.TestFigures.CircleTest@7791a895</td></tr>
<tr>
<td title='Tests.TestFigures.CircleTest.checkSquare()'><b>checkSquare</b><br>Test class: Tests.TestFigures.CircleTest<br>Parameters: 10000.0</td>
<td><div><pre>java.lang.AssertionError: did not expect to find [3.14159265359E8] but found [3.1415926536E8]
	at Tests.TestFigures.CircleTest.checkSquare(CircleTest.java:36)
	at java.util.ArrayList.forEach(Unknown Source)
... Removed 31 stack frames</pre></div><a href='#' onClick='toggleBox("stack-trace1434041222", this, "Click to show all stack frames", "Click to hide stack frames")'>Click to show all stack frames</a>
<div class='stack-trace' id='stack-trace1434041222'><pre>java.lang.AssertionError: did not expect to find [3.14159265359E8] but found [3.1415926536E8]
	at org.testng.Assert.fail(Assert.java:97)
	at org.testng.Assert.failNotEquals(Assert.java:969)
	at org.testng.Assert.assertEquals(Assert.java:640)
	at org.testng.Assert.assertEquals(Assert.java:651)
	at Tests.TestFigures.CircleTest.checkSquare(CircleTest.java:36)
	at sun.reflect.NativeMethodAccessorImpl.invoke0(Native Method)
	at sun.reflect.NativeMethodAccessorImpl.invoke(Unknown Source)
	at sun.reflect.DelegatingMethodAccessorImpl.invoke(Unknown Source)
	at java.lang.reflect.Method.invoke(Unknown Source)
	at org.testng.internal.MethodInvocationHelper.invokeMethod(MethodInvocationHelper.java:133)
	at org.testng.internal.TestInvoker.invokeMethod(TestInvoker.java:584)
	at org.testng.internal.TestInvoker.invokeTestMethod(TestInvoker.java:172)
	at org.testng.internal.MethodRunner.runInSequence(MethodRunner.java:46)
	at org.testng.internal.TestInvoker$MethodInvocationAgent.invoke(TestInvoker.java:804)
	at org.testng.internal.TestInvoker.invokeTestMethods(TestInvoker.java:145)
	at org.testng.internal.TestMethodWorker.invokeTestMethods(TestMethodWorker.java:146)
	at org.testng.internal.TestMethodWorker.run(TestMethodWorker.java:128)
	at java.util.ArrayList.forEach(Unknown Source)
	at org.testng.TestRunner.privateRun(TestRunner.java:770)
	at org.testng.TestRunner.run(TestRunner.java:591)
	at org.testng.SuiteRunner.runTest(SuiteRunner.java:402)
	at org.testng.SuiteRunner.runSequentially(SuiteRunner.java:396)
	at org.testng.SuiteRunner.privateRun(SuiteRunner.java:355)
	at org.testng.SuiteRunner.run(SuiteRunner.java:304)
	at org.testng.SuiteRunnerWorker.runSuite(SuiteRunnerWorker.java:53)
	at org.testng.SuiteRunnerWorker.run(SuiteRunnerWorker.java:96)
	at org.testng.TestNG.runSuitesSequentially(TestNG.java:1180)
	at org.testng.TestNG.runSuitesLocally(TestNG.java:1102)
	at org.testng.TestNG.runSuites(TestNG.java:1032)
	at org.testng.TestNG.run(TestNG.java:1000)
	at org.testng.remote.AbstractRemoteTestNG.run(AbstractRemoteTestNG.java:115)
	at org.testng.remote.RemoteTestNG.initAndRun(RemoteTestNG.java:251)
	at org.testng.remote.RemoteTestNG.main(RemoteTestNG.java:77)
</pre></div></td>
<td>0</td>
<td>Tests.TestFigures.CircleTest@7791a895</td></tr>
</table><p>
<table width='100%' border='1' class='invocation-passed'>
<tr><td colspan='4' align='center'><b>PASSED TESTS</b></td></tr>
<tr><td><b>Test method</b></td>
<td width="30%"><b>Exception</b></td>
<td width="10%"><b>Time (seconds)</b></td>
<td><b>Instance</b></td>
</tr>
<tr>
<td title='Tests.TestFigures.Figures.checkCircl()'><b>checkCircl</b><br>Test class: Tests.TestFigures.Figures<br>Parameters: 2.0</td>
<td></td>
<td>0</td>
<td>Tests.TestFigures.Figures@7fac631b</td></tr>
<tr>
<td title='Tests.TestFigures.Figures.checkCircl()'><b>checkCircl</b><br>Test class: Tests.TestFigures.Figures<br>Parameters: 2.5</td>
<td></td>
<td>0</td>
<td>Tests.TestFigures.Figures@7fac631b</td></tr>
<tr>
<td title='Tests.TestFigures.Figures.checkCircl()'><b>checkCircl</b><br>Test class: Tests.TestFigures.Figures<br>Parameters: 10000.0</td>
<td></td>
<td>0</td>
<td>Tests.TestFigures.Figures@7fac631b</td></tr>
<tr>
<td title='Tests.TestFigures.QuadratTest.checkPerimetr()'><b>checkPerimetr</b><br>Test class: Tests.TestFigures.QuadratTest<br>Parameters: 2.0</td>
<td></td>
<td>0</td>
<td>Tests.TestFigures.QuadratTest@3a5ed7a6</td></tr>
<tr>
<td title='Tests.TestFigures.QuadratTest.checkPerimetr()'><b>checkPerimetr</b><br>Test class: Tests.TestFigures.QuadratTest<br>Parameters: 2.5</td>
<td></td>
<td>0</td>
<td>Tests.TestFigures.QuadratTest@3a5ed7a6</td></tr>
<tr>
<td title='Tests.TestFigures.QuadratTest.checkPerimetr()'><b>checkPerimetr</b><br>Test class: Tests.TestFigures.QuadratTest<br>Parameters: 10000.0</td>
<td></td>
<td>0</td>
<td>Tests.TestFigures.QuadratTest@3a5ed7a6</td></tr>
<tr>
<td title='Tests.TestFigures.RectangleTest.checkPerimetr()'><b>checkPerimetr</b><br>Test class: Tests.TestFigures.RectangleTest<br>Parameters: 2.0, 2.0</td>
<td></td>
<td>0</td>
<td>Tests.TestFigures.RectangleTest@6325a3ee</td></tr>
<tr>
<td title='Tests.TestFigures.RectangleTest.checkPerimetr()'><b>checkPerimetr</b><br>Test class: Tests.TestFigures.RectangleTest<br>Parameters: 10000.0, 2.0</td>
<td></td>
<td>0</td>
<td>Tests.TestFigures.RectangleTest@6325a3ee</td></tr>
<tr>
<td title='Tests.TestFigures.RectangleTest.checkPerimetr()'><b>checkPerimetr</b><br>Test class: Tests.TestFigures.RectangleTest<br>Parameters: 2.5, 2.0</td>
<td></td>
<td>0</td>
<td>Tests.TestFigures.RectangleTest@6325a3ee</td></tr>
<tr>
<td title='Tests.TestFigures.RectangleTest.checkPerimetr()'><b>checkPerimetr</b><br>Test class: Tests.TestFigures.RectangleTest<br>Parameters: 2.0, 10000.0</td>
<td></td>
<td>0</td>
<td>Tests.TestFigures.RectangleTest@6325a3ee</td></tr>
<tr>
<td title='Tests.TestFigures.RectangleTest.checkPerimetr()'><b>checkPerimetr</b><br>Test class: Tests.TestFigures.RectangleTest<br>Parameters: 10000.0, 10000.0</td>
<td></td>
<td>0</td>
<td>Tests.TestFigures.RectangleTest@6325a3ee</td></tr>
<tr>
<td title='Tests.TestFigures.RectangleTest.checkPerimetr()'><b>checkPerimetr</b><br>Test class: Tests.TestFigures.RectangleTest<br>Parameters: 2.5, 10000.0</td>
<td></td>
<td>0</td>
<td>Tests.TestFigures.RectangleTest@6325a3ee</td></tr>
<tr>
<td title='Tests.TestFigures.RectangleTest.checkPerimetr()'><b>checkPerimetr</b><br>Test class: Tests.TestFigures.RectangleTest<br>Parameters: 2.0, 2.5</td>
<td></td>
<td>0</td>
<td>Tests.TestFigures.RectangleTest@6325a3ee</td></tr>
<tr>
<td title='Tests.TestFigures.RectangleTest.checkPerimetr()'><b>checkPerimetr</b><br>Test class: Tests.TestFigures.RectangleTest<br>Parameters: 10000.0, 2.5</td>
<td></td>
<td>0</td>
<td>Tests.TestFigures.RectangleTest@6325a3ee</td></tr>
<tr>
<td title='Tests.TestFigures.RectangleTest.checkPerimetr()'><b>checkPerimetr</b><br>Test class: Tests.TestFigures.RectangleTest<br>Parameters: 2.5, 2.5</td>
<td></td>
<td>0</td>
<td>Tests.TestFigures.RectangleTest@6325a3ee</td></tr>
<tr>
<td title='Tests.TestFigures.Figures.checkQuadrat()'><b>checkQuadrat</b><br>Test class: Tests.TestFigures.Figures<br>Parameters: 2.0</td>
<td></td>
<td>0</td>
<td>Tests.TestFigures.Figures@7fac631b</td></tr>
<tr>
<td title='Tests.TestFigures.Figures.checkQuadrat()'><b>checkQuadrat</b><br>Test class: Tests.TestFigures.Figures<br>Parameters: 2.5</td>
<td></td>
<td>0</td>
<td>Tests.TestFigures.Figures@7fac631b</td></tr>
<tr>
<td title='Tests.TestFigures.Figures.checkQuadrat()'><b>checkQuadrat</b><br>Test class: Tests.TestFigures.Figures<br>Parameters: 10000.0</td>
<td></td>
<td>0</td>
<td>Tests.TestFigures.Figures@7fac631b</td></tr>
<tr>
<td title='Tests.TestFigures.RectangleTest.checkRectangle()'><b>checkRectangle</b><br>Test class: Tests.TestFigures.RectangleTest<br>Parameters: 2.0, 2.0</td>
<td></td>
<td>0</td>
<td>Tests.TestFigures.RectangleTest@6325a3ee</td></tr>
<tr>
<td title='Tests.TestFigures.RectangleTest.checkRectangle()'><b>checkRectangle</b><br>Test class: Tests.TestFigures.RectangleTest<br>Parameters: 2.0, 10000.0</td>
<td></td>
<td>0</td>
<td>Tests.TestFigures.RectangleTest@6325a3ee</td></tr>
<tr>
<td title='Tests.TestFigures.RectangleTest.checkRectangle()'><b>checkRectangle</b><br>Test class: Tests.TestFigures.RectangleTest<br>Parameters: 10000.0, 10000.0</td>
<td></td>
<td>0</td>
<td>Tests.TestFigures.RectangleTest@6325a3ee</td></tr>
<tr>
<td title='Tests.TestFigures.RectangleTest.checkRectangle()'><b>checkRectangle</b><br>Test class: Tests.TestFigures.RectangleTest<br>Parameters: 2.5, 10000.0</td>
<td></td>
<td>0</td>
<td>Tests.TestFigures.RectangleTest@6325a3ee</td></tr>
<tr>
<td title='Tests.TestFigures.RectangleTest.checkRectangle()'><b>checkRectangle</b><br>Test class: Tests.TestFigures.RectangleTest<br>Parameters: 2.0, 2.5</td>
<td></td>
<td>0</td>
<td>Tests.TestFigures.RectangleTest@6325a3ee</td></tr>
<tr>
<td title='Tests.TestFigures.RectangleTest.checkRectangle()'><b>checkRectangle</b><br>Test class: Tests.TestFigures.RectangleTest<br>Parameters: 2.5, 2.5</td>
<td></td>
<td>0</td>
<td>Tests.TestFigures.RectangleTest@6325a3ee</td></tr>
<tr>
<td title='Tests.TestFigures.Figures.checkRectangle()'><b>checkRectangle</b><br>Test class: Tests.TestFigures.Figures<br>Parameters: 2.0, 2.0</td>
<td></td>
<td>0</td>
<td>Tests.TestFigures.Figures@7fac631b</td></tr>
<tr>
<td title='Tests.TestFigures.Figures.checkRectangle()'><b>checkRectangle</b><br>Test class: Tests.TestFigures.Figures<br>Parameters: 10000.0, 2.0</td>
<td></td>
<td>0</td>
<td>Tests.TestFigures.Figures@7fac631b</td></tr>
<tr>
<td title='Tests.TestFigures.Figures.checkRectangle()'><b>checkRectangle</b><br>Test class: Tests.TestFigures.Figures<br>Parameters: 2.5, 2.0</td>
<td></td>
<td>0</td>
<td>Tests.TestFigures.Figures@7fac631b</td></tr>
<tr>
<td title='Tests.TestFigures.Figures.checkRectangle()'><b>checkRectangle</b><br>Test class: Tests.TestFigures.Figures<br>Parameters: 2.0, 10000.0</td>
<td></td>
<td>0</td>
<td>Tests.TestFigures.Figures@7fac631b</td></tr>
<tr>
<td title='Tests.TestFigures.Figures.checkRectangle()'><b>checkRectangle</b><br>Test class: Tests.TestFigures.Figures<br>Parameters: 10000.0, 10000.0</td>
<td></td>
<td>0</td>
<td>Tests.TestFigures.Figures@7fac631b</td></tr>
<tr>
<td title='Tests.TestFigures.Figures.checkRectangle()'><b>checkRectangle</b><br>Test class: Tests.TestFigures.Figures<br>Parameters: 2.5, 10000.0</td>
<td></td>
<td>0</td>
<td>Tests.TestFigures.Figures@7fac631b</td></tr>
<tr>
<td title='Tests.TestFigures.Figures.checkRectangle()'><b>checkRectangle</b><br>Test class: Tests.TestFigures.Figures<br>Parameters: 2.0, 2.5</td>
<td></td>
<td>0</td>
<td>Tests.TestFigures.Figures@7fac631b</td></tr>
<tr>
<td title='Tests.TestFigures.Figures.checkRectangle()'><b>checkRectangle</b><br>Test class: Tests.TestFigures.Figures<br>Parameters: 10000.0, 2.5</td>
<td></td>
<td>0</td>
<td>Tests.TestFigures.Figures@7fac631b</td></tr>
<tr>
<td title='Tests.TestFigures.Figures.checkRectangle()'><b>checkRectangle</b><br>Test class: Tests.TestFigures.Figures<br>Parameters: 2.5, 2.5</td>
<td></td>
<td>0</td>
<td>Tests.TestFigures.Figures@7fac631b</td></tr>
<tr>
<td title='Tests.TestFigures.QuadratTest.checkSquare()'><b>checkSquare</b><br>Test class: Tests.TestFigures.QuadratTest<br>Parameters: 2.0</td>
<td></td>
<td>0</td>
<td>Tests.TestFigures.QuadratTest@3a5ed7a6</td></tr>
<tr>
<td title='Tests.TestFigures.QuadratTest.checkSquare()'><b>checkSquare</b><br>Test class: Tests.TestFigures.QuadratTest<br>Parameters: 2.5</td>
<td></td>
<td>0</td>
<td>Tests.TestFigures.QuadratTest@3a5ed7a6</td></tr>
<tr>
<td title='Tests.TestFigures.QuadratTest.checkSquare()'><b>checkSquare</b><br>Test class: Tests.TestFigures.QuadratTest<br>Parameters: 10000.0</td>
<td></td>
<td>0</td>
<td>Tests.TestFigures.QuadratTest@3a5ed7a6</td></tr>
<tr>
<td title='Tests.TestFigures.CircleTest.checkSquare()'><b>checkSquare</b><br>Test class: Tests.TestFigures.CircleTest<br>Parameters: 2.0</td>
<td></td>
<td>0</td>
<td>Tests.TestFigures.CircleTest@7791a895</td></tr>
</table><p>
</body>
</html>